<?xml version="1.0" encoding="UTF-8"?>
<!-- Generated by org.testng.reporters.JUnitXMLReporter -->
<testsuite hostname="BDC11-L-J2V9VP2" ignored="8" name="Test" tests="1" failures="0" timestamp="2020-05-27T11:20:28 IST" time="11.82" errors="0">
  <testcase name="verifyMultiItemCarousel" time="3.621" classname="com.bial.FirstScript"/>
  <testcase name="verifyLogo" time="0.0" classname="com.bial.FirstScript">
    <ignored/>
  </testcase> <!-- verifyLogo -->
  <testcase name="verifyHeroBannerText" time="0.0" classname="com.bial.FirstScript">
    <ignored/>
  </testcase> <!-- verifyHeroBannerText -->
  <testcase name="verifyCampaignCarousel" time="0.0" classname="com.bial.FirstScript">
    <ignored/>
  </testcase> <!-- verifyCampaignCarousel -->
  <testcase name="verifyTitle" time="0.0" classname="com.bial.FirstScript">
    <ignored/>
  </testcase> <!-- verifyTitle -->
  <testcase name="verifyFooter" time="0.0" classname="com.bial.FirstScript">
    <ignored/>
  </testcase> <!-- verifyFooter -->
  <testcase name="verifyAnnouncement" time="0.0" classname="com.bial.FirstScript">
    <ignored/>
  </testcase> <!-- verifyAnnouncement -->
  <testcase name="verifyWeatherDetails" time="0.0" classname="com.bial.FirstScript">
    <ignored/>
  </testcase> <!-- verifyWeatherDetails -->
  <testcase name="verifyFirstLevelMegaMenu" time="0.0" classname="com.bial.FirstScript">
    <ignored/>
  </testcase> <!-- verifyFirstLevelMegaMenu -->
</testsuite> <!-- Test -->
