<?xml version="1.0" encoding="UTF-8"?>
<testng-results skipped="0" failed="0" ignored="0" total="1" passed="1">
  <reporter-output>
  </reporter-output>
  <suite name="Default suite" duration-ms="25656" started-at="2020-05-27T15:19:50 IST" finished-at="2020-05-27T15:20:15 IST">
    <groups>
    </groups>
    <test name="Default test" duration-ms="25656" started-at="2020-05-27T15:19:50 IST" finished-at="2020-05-27T15:20:15 IST">
      <class name="com.bial.NewTest">
        <test-method status="PASS" signature="launchBrowser()[pri:0, instance:com.bial.NewTest@f4168b8]" name="launchBrowser" is-config="true" duration-ms="17512" started-at="2020-05-27T15:19:50 IST" finished-at="2020-05-27T15:20:07 IST">
          <reporter-output>
          </reporter-output>
        </test-method> <!-- launchBrowser -->
        <test-method status="PASS" signature="test()[pri:0, instance:com.bial.NewTest@f4168b8]" name="test" duration-ms="8091" started-at="2020-05-27T15:20:07 IST" finished-at="2020-05-27T15:20:15 IST">
          <reporter-output>
          </reporter-output>
        </test-method> <!-- test -->
      </class> <!-- com.bial.NewTest -->
    </test> <!-- Default test -->
  </suite> <!-- Default suite -->
</testng-results>
